This is pdfTeX, Version 3.14159265-2.6-1.40.21 (TeX Live 2020/W32TeX) (preloaded format=pdflatex 2021.2.3)  3 FEB 2021 19:56
entering extended mode
 restricted \write18 enabled.
 %&-line parsing enabled.
**report.tex
(./report.tex
LaTeX2e <2020-10-01> patch level 4
L3 programming layer <2021-01-09> xparse <2020-03-03> (c:/Users/User/AppData/Ro
aming/TinyTeX/texmf-dist/tex/latex/base/article.cls
Document Class: article 2020/04/10 v1.4m Standard LaTeX document class
(c:/Users/User/AppData/Roaming/TinyTeX/texmf-dist/tex/latex/base/size10.clo
File: size10.clo 2020/04/10 v1.4m Standard LaTeX file (size option)
)
\c@part=\count177
\c@section=\count178
\c@subsection=\count179
\c@subsubsection=\count180
\c@paragraph=\count181
\c@subparagraph=\count182
\c@figure=\count183
\c@table=\count184
\abovecaptionskip=\skip47
\belowcaptionskip=\skip48
\bibindent=\dimen138
) (c:/Users/User/AppData/Roaming/TinyTeX/texmf-dist/tex/latex/lm/lmodern.sty
Package: lmodern 2009/10/30 v1.6 Latin Modern Fonts
LaTeX Font Info:    Overwriting symbol font `operators' in version `normal'
(Font)                  OT1/cmr/m/n --> OT1/lmr/m/n on input line 22.
LaTeX Font Info:    Overwriting symbol font `letters' in version `normal'
(Font)                  OML/cmm/m/it --> OML/lmm/m/it on input line 23.
LaTeX Font Info:    Overwriting symbol font `symbols' in version `normal'
(Font)                  OMS/cmsy/m/n --> OMS/lmsy/m/n on input line 24.
LaTeX Font Info:    Overwriting symbol font `largesymbols' in version `normal'
(Font)                  OMX/cmex/m/n --> OMX/lmex/m/n on input line 25.
LaTeX Font Info:    Overwriting symbol font `operators' in version `bold'
(Font)                  OT1/cmr/bx/n --> OT1/lmr/bx/n on input line 26.
LaTeX Font Info:    Overwriting symbol font `letters' in version `bold'
(Font)                  OML/cmm/b/it --> OML/lmm/b/it on input line 27.
LaTeX Font Info:    Overwriting symbol font `symbols' in version `bold'
(Font)                  OMS/cmsy/b/n --> OMS/lmsy/b/n on input line 28.
LaTeX Font Info:    Overwriting symbol font `largesymbols' in version `bold'
(Font)                  OMX/cmex/m/n --> OMX/lmex/m/n on input line 29.
LaTeX Font Info:    Overwriting math alphabet `\mathbf' in version `normal'
(Font)                  OT1/cmr/bx/n --> OT1/lmr/bx/n on input line 31.
LaTeX Font Info:    Overwriting math alphabet `\mathsf' in version `normal'
(Font)                  OT1/cmss/m/n --> OT1/lmss/m/n on input line 32.
LaTeX Font Info:    Overwriting math alphabet `\mathit' in version `normal'
(Font)                  OT1/cmr/m/it --> OT1/lmr/m/it on input line 33.
LaTeX Font Info:    Overwriting math alphabet `\mathtt' in version `normal'
(Font)                  OT1/cmtt/m/n --> OT1/lmtt/m/n on input line 34.
LaTeX Font Info:    Overwriting math alphabet `\mathbf' in version `bold'
(Font)                  OT1/cmr/bx/n --> OT1/lmr/bx/n on input line 35.
LaTeX Font Info:    Overwriting math alphabet `\mathsf' in version `bold'
(Font)                  OT1/cmss/bx/n --> OT1/lmss/bx/n on input line 36.
LaTeX Font Info:    Overwriting math alphabet `\mathit' in version `bold'
(Font)                  OT1/cmr/bx/it --> OT1/lmr/bx/it on input line 37.
LaTeX Font Info:    Overwriting math alphabet `\mathtt' in version `bold'
(Font)                  OT1/cmtt/m/n --> OT1/lmtt/m/n on input line 38.
)
(c:/Users/User/AppData/Roaming/TinyTeX/texmf-dist/tex/latex/amsmath/amsmath.sty
Package: amsmath 2020/09/23 v2.17i AMS math features
\@mathmargin=\skip49
For additional information on amsmath, use the `?' option.

(c:/Users/User/AppData/Roaming/TinyTeX/texmf-dist/tex/latex/amsmath/amstext.sty
Package: amstext 2000/06/29 v2.01 AMS text
(c:/Users/User/AppData/Roaming/TinyTeX/texmf-dist/tex/latex/amsmath/amsgen.sty
File: amsgen.sty 1999/11/30 v2.0 generic functions
\@emptytoks=\toks15
\ex@=\dimen139
)) (c:/Users/User/AppData/Roaming/TinyTeX/texmf-dist/tex/latex/amsmath/amsbsy.s
ty
Package: amsbsy 1999/11/29 v1.2d Bold Symbols
\pmbraise@=\dimen140
) (c:/Users/User/AppData/Roaming/TinyTeX/texmf-dist/tex/latex/amsmath/amsopn.st
y
Package: amsopn 2016/03/08 v2.02 operator names
)
\inf@bad=\count185
LaTeX Info: Redefining \frac on input line 234.
\uproot@=\count186
\leftroot@=\count187
LaTeX Info: Redefining \overline on input line 399.
\classnum@=\count188
\DOTSCASE@=\count189
LaTeX Info: Redefining \ldots on input line 496.
LaTeX Info: Redefining \dots on input line 499.
LaTeX Info: Redefining \cdots on input line 620.
\Mathstrutbox@=\box47
\strutbox@=\box48
\big@size=\dimen141
LaTeX Font Info:    Redeclaring font encoding OML on input line 743.
LaTeX Font Info:    Redeclaring font encoding OMS on input line 744.
\macc@depth=\count190
\c@MaxMatrixCols=\count191
\dotsspace@=\muskip16
\c@parentequation=\count192
\dspbrk@lvl=\count193
\tag@help=\toks16
\row@=\count194
\column@=\count195
\maxfields@=\count196
\andhelp@=\toks17
\eqnshift@=\dimen142
\alignsep@=\dimen143
\tagshift@=\dimen144
\tagwidth@=\dimen145
\totwidth@=\dimen146
\lineht@=\dimen147
\@envbody=\toks18
\multlinegap=\skip50
\multlinetaggap=\skip51
\mathdisplay@stack=\toks19
LaTeX Info: Redefining \[ on input line 2923.
LaTeX Info: Redefining \] on input line 2924.
)
(c:/Users/User/AppData/Roaming/TinyTeX/texmf-dist/tex/generic/iftex/ifxetex.sty
Package: ifxetex 2019/10/25 v0.7 ifxetex legacy package. Use iftex instead.
(c:/Users/User/AppData/Roaming/TinyTeX/texmf-dist/tex/generic/iftex/iftex.sty
Package: iftex 2020/03/06 v1.0d TeX engine tests
))
(c:/Users/User/AppData/Roaming/TinyTeX/texmf-dist/tex/generic/iftex/ifluatex.st
y
Package: ifluatex 2019/10/25 v1.5 ifluatex legacy package. Use iftex instead.
) (c:/Users/User/AppData/Roaming/TinyTeX/texmf-dist/tex/latex/base/fontenc.sty
Package: fontenc 2020/08/10 v2.0s Standard LaTeX package
LaTeX Font Info:    Trying to load font information for T1+lmr on input line 11
2.
(c:/Users/User/AppData/Roaming/TinyTeX/texmf-dist/tex/latex/lm/t1lmr.fd
File: t1lmr.fd 2009/10/30 v1.6 Font defs for Latin Modern
)) (c:/Users/User/AppData/Roaming/TinyTeX/texmf-dist/tex/latex/base/inputenc.st
y
Package: inputenc 2020/08/01 v1.3d Input encoding file
\inpenc@prehook=\toks20
\inpenc@posthook=\toks21
) (c:/Users/User/AppData/Roaming/TinyTeX/texmf-dist/tex/latex/base/textcomp.sty
Package: textcomp 2020/02/02 v2.0n Standard LaTeX package
)
(c:/Users/User/AppData/Roaming/TinyTeX/texmf-dist/tex/latex/amsfonts/amssymb.st
y
Package: amssymb 2013/01/14 v3.01 AMS font symbols

(c:/Users/User/AppData/Roaming/TinyTeX/texmf-dist/tex/latex/amsfonts/amsfonts.s
ty
Package: amsfonts 2013/01/14 v3.01 Basic AMSFonts support
\symAMSa=\mathgroup4
\symAMSb=\mathgroup5
LaTeX Font Info:    Redeclaring math symbol \hbar on input line 98.
LaTeX Font Info:    Overwriting math alphabet `\mathfrak' in version `bold'
(Font)                  U/euf/m/n --> U/euf/b/n on input line 106.
)) (c:/Users/User/AppData/Roaming/TinyTeX/texmf-dist/tex/latex/xcolor/xcolor.st
y
Package: xcolor 2016/05/11 v2.12 LaTeX color extensions (UK)

(c:/Users/User/AppData/Roaming/TinyTeX/texmf-dist/tex/latex/graphics-cfg/color.
cfg
File: color.cfg 2016/01/02 v1.6 sample color configuration
)
Package xcolor Info: Driver file: pdftex.def on input line 225.

(c:/Users/User/AppData/Roaming/TinyTeX/texmf-dist/tex/latex/graphics-def/pdftex
.def
File: pdftex.def 2020/10/05 v1.2a Graphics/color driver for pdftex
)
Package xcolor Info: Model `cmy' substituted by `cmy0' on input line 1348.
Package xcolor Info: Model `hsb' substituted by `rgb' on input line 1352.
Package xcolor Info: Model `RGB' extended on input line 1364.
Package xcolor Info: Model `HTML' substituted by `rgb' on input line 1366.
Package xcolor Info: Model `Hsb' substituted by `hsb' on input line 1367.
Package xcolor Info: Model `tHsb' substituted by `hsb' on input line 1368.
Package xcolor Info: Model `HSB' substituted by `hsb' on input line 1369.
Package xcolor Info: Model `Gray' substituted by `gray' on input line 1370.
Package xcolor Info: Model `wave' substituted by `hsb' on input line 1371.
)
(c:/Users/User/AppData/Roaming/TinyTeX/texmf-dist/tex/latex/hyperref/hyperref.s
ty
Package: hyperref 2020-05-15 v7.00e Hypertext links for LaTeX

(c:/Users/User/AppData/Roaming/TinyTeX/texmf-dist/tex/generic/ltxcmds/ltxcmds.s
ty
Package: ltxcmds 2020-05-10 v1.25 LaTeX kernel commands for general use (HO)
)
(c:/Users/User/AppData/Roaming/TinyTeX/texmf-dist/tex/generic/pdftexcmds/pdftex
cmds.sty
Package: pdftexcmds 2020-06-27 v0.33 Utility functions of pdfTeX for LuaTeX (HO
)

(c:/Users/User/AppData/Roaming/TinyTeX/texmf-dist/tex/generic/infwarerr/infware
rr.sty
Package: infwarerr 2019/12/03 v1.5 Providing info/warning/error messages (HO)
)
Package pdftexcmds Info: \pdf@primitive is available.
Package pdftexcmds Info: \pdf@ifprimitive is available.
Package pdftexcmds Info: \pdfdraftmode found.
)
(c:/Users/User/AppData/Roaming/TinyTeX/texmf-dist/tex/latex/graphics/keyval.sty
Package: keyval 2014/10/28 v1.15 key=value parser (DPC)
\KV@toks@=\toks22
)
(c:/Users/User/AppData/Roaming/TinyTeX/texmf-dist/tex/generic/kvsetkeys/kvsetke
ys.sty
Package: kvsetkeys 2019/12/15 v1.18 Key value parser (HO)
)
(c:/Users/User/AppData/Roaming/TinyTeX/texmf-dist/tex/generic/kvdefinekeys/kvde
finekeys.sty
Package: kvdefinekeys 2019-12-19 v1.6 Define keys (HO)
)
(c:/Users/User/AppData/Roaming/TinyTeX/texmf-dist/tex/generic/pdfescape/pdfesca
pe.sty
Package: pdfescape 2019/12/09 v1.15 Implements pdfTeX's escape features (HO)
)
(c:/Users/User/AppData/Roaming/TinyTeX/texmf-dist/tex/latex/hycolor/hycolor.sty
Package: hycolor 2020-01-27 v1.10 Color options for hyperref/bookmark (HO)
)
(c:/Users/User/AppData/Roaming/TinyTeX/texmf-dist/tex/latex/letltxmacro/letltxm
acro.sty
Package: letltxmacro 2019/12/03 v1.6 Let assignment for LaTeX macros (HO)
)
(c:/Users/User/AppData/Roaming/TinyTeX/texmf-dist/tex/latex/auxhook/auxhook.sty
Package: auxhook 2019-12-17 v1.6 Hooks for auxiliary files (HO)
)
(c:/Users/User/AppData/Roaming/TinyTeX/texmf-dist/tex/latex/kvoptions/kvoptions
.sty
Package: kvoptions 2020-10-07 v3.14 Key value format for package options (HO)
)
\@linkdim=\dimen148
\Hy@linkcounter=\count197
\Hy@pagecounter=\count198

(c:/Users/User/AppData/Roaming/TinyTeX/texmf-dist/tex/latex/hyperref/pd1enc.def
File: pd1enc.def 2020-05-15 v7.00e Hyperref: PDFDocEncoding definition (HO)
Now handling font encoding PD1 ...
... no UTF-8 mapping file for font encoding PD1
)
(c:/Users/User/AppData/Roaming/TinyTeX/texmf-dist/tex/generic/intcalc/intcalc.s
ty
Package: intcalc 2019/12/15 v1.3 Expandable calculations with integers (HO)
)
(c:/Users/User/AppData/Roaming/TinyTeX/texmf-dist/tex/generic/etexcmds/etexcmds
.sty
Package: etexcmds 2019/12/15 v1.7 Avoid name clashes with e-TeX commands (HO)
)
\Hy@SavedSpaceFactor=\count199
Package hyperref Info: Option `unicode' set `true' on input line 4338.
(c:/Users/User/AppData/Roaming/TinyTeX/texmf-dist/tex/latex/hyperref/puenc.def
File: puenc.def 2020-05-15 v7.00e Hyperref: PDF Unicode definition (HO)
Now handling font encoding PU ...
... no UTF-8 mapping file for font encoding PU
)
Package hyperref Info: Hyper figures OFF on input line 4464.
Package hyperref Info: Link nesting OFF on input line 4469.
Package hyperref Info: Hyper index ON on input line 4472.
Package hyperref Info: Plain pages OFF on input line 4479.
Package hyperref Info: Backreferencing OFF on input line 4484.
Package hyperref Info: Implicit mode ON; LaTeX internals redefined.
Package hyperref Info: Bookmarks ON on input line 4717.
\c@Hy@tempcnt=\count266
(c:/Users/User/AppData/Roaming/TinyTeX/texmf-dist/tex/latex/url/url.sty
\Urlmuskip=\muskip17
Package: url 2013/09/16  ver 3.4  Verb mode for urls, etc.
)
LaTeX Info: Redefining \url on input line 5076.
\XeTeXLinkMargin=\dimen149

(c:/Users/User/AppData/Roaming/TinyTeX/texmf-dist/tex/generic/bitset/bitset.sty
Package: bitset 2019/12/09 v1.3 Handle bit-vector datatype (HO)

(c:/Users/User/AppData/Roaming/TinyTeX/texmf-dist/tex/generic/bigintcalc/bigint
calc.sty
Package: bigintcalc 2019/12/15 v1.5 Expandable calculations on big integers (HO
)
))
\Fld@menulength=\count267
\Field@Width=\dimen150
\Fld@charsize=\dimen151
Package hyperref Info: Hyper figures OFF on input line 6347.
Package hyperref Info: Link nesting OFF on input line 6352.
Package hyperref Info: Hyper index ON on input line 6355.
Package hyperref Info: backreferencing OFF on input line 6362.
Package hyperref Info: Link coloring OFF on input line 6367.
Package hyperref Info: Link coloring with OCG OFF on input line 6372.
Package hyperref Info: PDF/A mode OFF on input line 6377.
LaTeX Info: Redefining \ref on input line 6417.
LaTeX Info: Redefining \pageref on input line 6421.

(c:/Users/User/AppData/Roaming/TinyTeX/texmf-dist/tex/latex/base/atbegshi-ltx.s
ty
Package: atbegshi-ltx 2020/08/17 v1.0a Emulation of the original atbegshi packa
ge
with kernel methods
)
\Hy@abspage=\count268
\c@Item=\count269
\c@Hfootnote=\count270
)
Package hyperref Info: Driver (autodetected): hpdftex.

(c:/Users/User/AppData/Roaming/TinyTeX/texmf-dist/tex/latex/hyperref/hpdftex.de
f
File: hpdftex.def 2020-05-15 v7.00e Hyperref driver for pdfTeX

(c:/Users/User/AppData/Roaming/TinyTeX/texmf-dist/tex/latex/base/atveryend-ltx.
sty
Package: atveryend-ltx 2020/08/19 v1.0a Emulation of the original atvery packag
e
with kernel methods
)
\Fld@listcount=\count271
\c@bookmark@seq@number=\count272

(c:/Users/User/AppData/Roaming/TinyTeX/texmf-dist/tex/latex/rerunfilecheck/reru
nfilecheck.sty
Package: rerunfilecheck 2019/12/05 v1.9 Rerun checks for auxiliary files (HO)

(c:/Users/User/AppData/Roaming/TinyTeX/texmf-dist/tex/generic/uniquecounter/uni
quecounter.sty
Package: uniquecounter 2019/12/15 v1.4 Provide unlimited unique counter (HO)
)
Package uniquecounter Info: New unique counter `rerunfilecheck' on input line 2
86.
)
\Hy@SectionHShift=\skip52
)
(c:/Users/User/AppData/Roaming/TinyTeX/texmf-dist/tex/latex/geometry/geometry.s
ty
Package: geometry 2020/01/02 v5.9 Page Geometry
(c:/Users/User/AppData/Roaming/TinyTeX/texmf-dist/tex/generic/iftex/ifvtex.sty
Package: ifvtex 2019/10/25 v1.7 ifvtex legacy package. Use iftex instead.
)
\Gm@cnth=\count273
\Gm@cntv=\count274
\c@Gm@tempcnt=\count275
\Gm@bindingoffset=\dimen152
\Gm@wd@mp=\dimen153
\Gm@odd@mp=\dimen154
\Gm@even@mp=\dimen155
\Gm@layoutwidth=\dimen156
\Gm@layoutheight=\dimen157
\Gm@layouthoffset=\dimen158
\Gm@layoutvoffset=\dimen159
\Gm@dimlist=\toks23
)
(c:/Users/User/AppData/Roaming/TinyTeX/texmf-dist/tex/latex/graphics/graphicx.s
ty
Package: graphicx 2020/09/09 v1.2b Enhanced LaTeX Graphics (DPC,SPQR)

(c:/Users/User/AppData/Roaming/TinyTeX/texmf-dist/tex/latex/graphics/graphics.s
ty
Package: graphics 2020/08/30 v1.4c Standard LaTeX Graphics (DPC,SPQR)
(c:/Users/User/AppData/Roaming/TinyTeX/texmf-dist/tex/latex/graphics/trig.sty
Package: trig 2016/01/03 v1.10 sin cos tan (DPC)
)
(c:/Users/User/AppData/Roaming/TinyTeX/texmf-dist/tex/latex/graphics-cfg/graphi
cs.cfg
File: graphics.cfg 2016/06/04 v1.11 sample graphics configuration
)
Package graphics Info: Driver file: pdftex.def on input line 105.
)
\Gin@req@height=\dimen160
\Gin@req@width=\dimen161
)
(c:/Users/User/AppData/Roaming/TinyTeX/texmf-dist/tex/latex/booktabs/booktabs.s
ty
Package: booktabs 2020/01/12 v1.61803398 Publication quality tables
\heavyrulewidth=\dimen162
\lightrulewidth=\dimen163
\cmidrulewidth=\dimen164
\belowrulesep=\dimen165
\belowbottomsep=\dimen166
\aboverulesep=\dimen167
\abovetopsep=\dimen168
\cmidrulesep=\dimen169
\cmidrulekern=\dimen170
\defaultaddspace=\dimen171
\@cmidla=\count276
\@cmidlb=\count277
\@aboverulesep=\dimen172
\@belowrulesep=\dimen173
\@thisruleclass=\count278
\@lastruleclass=\count279
\@thisrulewidth=\dimen174
)
(c:/Users/User/AppData/Roaming/TinyTeX/texmf-dist/tex/latex/tools/longtable.sty
Package: longtable 2020/01/07 v4.13 Multi-page Table package (DPC)
\LTleft=\skip53
\LTright=\skip54
\LTpre=\skip55
\LTpost=\skip56
\LTchunksize=\count280
\LTcapwidth=\dimen175
\LT@head=\box49
\LT@firsthead=\box50
\LT@foot=\box51
\LT@lastfoot=\box52
\LT@cols=\count281
\LT@rows=\count282
\c@LT@tables=\count283
\c@LT@chunks=\count284
\LT@p@ftn=\toks24
) (c:/Users/User/AppData/Roaming/TinyTeX/texmf-dist/tex/latex/tools/array.sty
Package: array 2020/10/01 v2.5c Tabular extension package (FMi)
\col@sep=\dimen176
\ar@mcellbox=\box53
\extrarowheight=\dimen177
\NC@list=\toks25
\extratabsurround=\skip57
\backup@length=\skip58
\ar@cellbox=\box54
)
(c:/Users/User/AppData/Roaming/TinyTeX/texmf-dist/tex/latex/multirow/multirow.s
ty
Package: multirow 2021/01/29 v2.7 Span multiple rows of a table
\multirow@colwidth=\skip59
\multirow@cntb=\count285
\multirow@dima=\skip60
\bigstrutjot=\dimen178
)
(c:/Users/User/AppData/Roaming/TinyTeX/texmf-dist/tex/latex/wrapfig/wrapfig.sty
\wrapoverhang=\dimen179
\WF@size=\dimen180
\c@WF@wrappedlines=\count286
\WF@box=\box55
\WF@everypar=\toks26
Package: wrapfig 2003/01/31  v 3.6
) (c:/Users/User/AppData/Roaming/TinyTeX/texmf-dist/tex/latex/float/float.sty
Package: float 2001/11/08 v1.3d Float enhancements (AL)
\c@float@type=\count287
\float@exts=\toks27
\float@box=\box56
\@float@everytoks=\toks28
\@floatcapt=\box57
)
(c:/Users/User/AppData/Roaming/TinyTeX/texmf-dist/tex/latex/colortbl/colortbl.s
ty
Package: colortbl 2020/01/04 v1.0e Color table columns (DPC)
\everycr=\toks29
\minrowclearance=\skip61
)
(c:/Users/User/AppData/Roaming/TinyTeX/texmf-dist/tex/latex/pdflscape/pdflscape
.sty
Package: pdflscape 2019/12/05 v0.12 Display of landscape pages in PDF (HO)

(c:/Users/User/AppData/Roaming/TinyTeX/texmf-dist/tex/latex/graphics/lscape.sty
Package: lscape 2020/05/28 v3.02 Landscape Pages (DPC)
)
Package pdflscape Info: Auto-detected driver: pdftex on input line 81.
) (c:/Users/User/AppData/Roaming/TinyTeX/texmf-dist/tex/latex/tabu/tabu.sty
Package: tabu 2019/01/11 v2.9 - flexible LaTeX tabulars (FC+tabu-fixed)

(c:/Users/User/AppData/Roaming/TinyTeX/texmf-dist/tex/latex/varwidth/varwidth.s
ty
Package: varwidth 2009/03/30 ver 0.92;  Variable-width minipages
\@vwid@box=\box58
\sift@deathcycles=\count288
\@vwid@loff=\dimen181
\@vwid@roff=\dimen182
)
\c@taburow=\count289
\tabu@nbcols=\count290
\tabu@cnt=\count291
\tabu@Xcol=\count292
\tabu@alloc=\count293
\tabu@nested=\count294
\tabu@target=\dimen183
\tabu@spreadtarget=\dimen184
\tabu@naturalX=\dimen185
\tabucolX=\dimen186
\tabu@Xsum=\dimen187
\extrarowdepth=\dimen188
\abovetabulinesep=\dimen189
\belowtabulinesep=\dimen190
\tabustrutrule=\dimen191
\tabu@thebody=\toks30
\tabu@footnotes=\toks31
\tabu@box=\box59
\tabu@arstrutbox=\box60
\tabu@hleads=\box61
\tabu@vleads=\box62
\tabu@cellskip=\skip62
)
(c:/Users/User/AppData/Roaming/TinyTeX/texmf-dist/tex/latex/threeparttable/thre
eparttable.sty
Package: threeparttable 2003/06/13  v 3.0
\@tempboxb=\box63
)
(c:/Users/User/AppData/Roaming/TinyTeX/texmf-dist/tex/latex/threeparttablex/thr
eeparttablex.sty
Package: threeparttablex 2013/07/23 v0.3 by daleif

(c:/Users/User/AppData/Roaming/TinyTeX/texmf-dist/tex/latex/environ/environ.sty
Package: environ 2014/05/04 v0.3 A new way to define environments

(c:/Users/User/AppData/Roaming/TinyTeX/texmf-dist/tex/latex/trimspaces/trimspac
es.sty
Package: trimspaces 2009/09/17 v1.1 Trim spaces around a token list
))
\TPTL@width=\skip63
) (c:/Users/User/AppData/Roaming/TinyTeX/texmf-dist/tex/generic/ulem/ulem.sty
\UL@box=\box64
\UL@hyphenbox=\box65
\UL@skip=\skip64
\UL@hook=\toks32
\UL@height=\dimen192
\UL@pe=\count295
\UL@pixel=\dimen193
\ULC@box=\box66
Package: ulem 2019/11/18
\ULdepth=\dimen194
)
(c:/Users/User/AppData/Roaming/TinyTeX/texmf-dist/tex/latex/makecell/makecell.s
ty
Package: makecell 2009/08/03 V0.1e Managing of Tab Column Heads and Cells
\rotheadsize=\dimen195
\c@nlinenum=\count296
\TeXr@lab=\toks33
)
(c:/Users/User/AppData/Roaming/TinyTeX/texmf-dist/tex/latex/caption/caption.sty
Package: caption 2020/10/26 v3.5g Customizing captions (AR)

(c:/Users/User/AppData/Roaming/TinyTeX/texmf-dist/tex/latex/caption/caption3.st
y
Package: caption3 2020/10/21 v2.2e caption3 kernel (AR)
\captionmargin=\dimen196
\captionmargin@=\dimen197
\captionwidth=\dimen198
\caption@tempdima=\dimen199
\caption@indent=\dimen256
\caption@parindent=\dimen257
\caption@hangindent=\dimen258
Package caption Info: Standard document class detected.
)
\c@caption@flags=\count297
\c@continuedfloat=\count298
Package caption Info: float package is loaded.
Package caption Info: hyperref package is loaded.
Package caption Info: longtable package is loaded.

(c:/Users/User/AppData/Roaming/TinyTeX/texmf-dist/tex/latex/caption/ltcaption.s
ty
Package: ltcaption 2020/05/30 v1.4b longtable captions (AR)
)
Package caption Info: threeparttable package is loaded.
Package caption Info: wrapfig package is loaded.
)
(c:/Users/User/AppData/Roaming/TinyTeX/texmf-dist/tex/latex/siunitx/siunitx.sty
(c:/Users/User/AppData/Roaming/TinyTeX/texmf-dist/tex/latex/l3kernel/expl3.sty
Package: expl3 2021-01-09 L3 programming layer (loader) 

(c:/Users/User/AppData/Roaming/TinyTeX/texmf-dist/tex/latex/l3backend/l3backend
-pdftex.def
File: l3backend-pdftex.def 2020-01-29 L3 backend support: PDF output (pdfTeX)
\l__color_backend_stack_int=\count299
\l__pdf_internal_box=\box67
))
(c:/Users/User/AppData/Roaming/TinyTeX/texmf-dist/tex/latex/l3packages/xparse/x
parse.sty
Package: xparse 2020-10-27 L3 Experimental document command parser

(c:/Users/User/AppData/Roaming/TinyTeX/texmf-dist/tex/latex/l3packages/xparse/x
parse-generic.tex))
Package: siunitx 2020/02/25 v2.8b A comprehensive (SI) units package

(c:/Users/User/AppData/Roaming/TinyTeX/texmf-dist/tex/latex/l3packages/l3keys2e
/l3keys2e.sty
Package: l3keys2e 2020-10-27 LaTeX2e option processing using LaTeX3 keys
)
\l__siunitx_tmp_box=\box68
\l__siunitx_tmp_dim=\dimen259
\l__siunitx_tmp_int=\count300
\l__siunitx_number_mantissa_length_int=\count301
\l__siunitx_number_uncert_length_int=\count302
\l__siunitx_round_int=\count303
\l__siunitx_process_decimal_int=\count304
\l__siunitx_process_uncertainty_int=\count305
\l__siunitx_process_fixed_int=\count306
\l__siunitx_process_integer_min_int=\count307
\l__siunitx_process_precision_int=\count308
\l__siunitx_group_min_int=\count309
\l__siunitx_angle_marker_box=\box69
\l__siunitx_angle_unit_box=\box70
\l__siunitx_angle_marker_dim=\dimen260
\l__siunitx_angle_unit_dim=\dimen261
\l__siunitx_unit_int=\count310
\l__siunitx_unit_denominator_int=\count311
\l__siunitx_unit_numerator_int=\count312
\l__siunitx_unit_prefix_int=\count313
\l__siunitx_unit_prefix_base_int=\count314
\l__siunitx_unit_prefix_gram_int=\count315
\l__siunitx_number_product_int=\count316
\c__siunitx_one_fill_skip=\skip65
\l__siunitx_table_unit_align_skip=\skip66
\l__siunitx_table_exponent_dim=\dimen262
\l__siunitx_table_integer_dim=\dimen263
\l__siunitx_table_mantissa_dim=\dimen264
\l__siunitx_table_marker_dim=\dimen265
\l__siunitx_table_result_dim=\dimen266
\l__siunitx_table_uncert_dim=\dimen267
\l__siunitx_table_fill_pre_dim=\dimen268
\l__siunitx_table_fill_post_dim=\dimen269
\l__siunitx_table_fill_mid_dim=\dimen270
\l__siunitx_table_pre_box=\box71
\l__siunitx_table_post_box=\box72
\l__siunitx_table_mantissa_box=\box73
\l__siunitx_table_result_box=\box74
\l__siunitx_table_number_align_skip=\skip67
\l__siunitx_table_text_align_skip=\skip68
) (c:/Users/User/AppData/Roaming/TinyTeX/texmf-dist/tex/latex/tools/hhline.sty
Package: hhline 2020/01/04 v2.04 Table rule package (DPC)
) (c:/Users/User/AppData/Roaming/TinyTeX/texmf-dist/tex/latex/tools/calc.sty
Package: calc 2017/05/25 v4.3 Infix arithmetic (KKT,FJ)
\calc@Acount=\count317
\calc@Bcount=\count318
\calc@Adimen=\dimen271
\calc@Bdimen=\dimen272
\calc@Askip=\skip69
\calc@Bskip=\skip70
LaTeX Info: Redefining \setlength on input line 80.
LaTeX Info: Redefining \addtolength on input line 81.
\calc@Ccount=\count319
\calc@Cskip=\skip71
) (c:/Users/User/AppData/Roaming/TinyTeX/texmf-dist/tex/latex/tools/tabularx.st
y
Package: tabularx 2020/01/15 v2.11c `tabularx' package (DPC)
\TX@col@width=\dimen273
\TX@old@table=\dimen274
\TX@old@col=\dimen275
\TX@target=\dimen276
\TX@delta=\dimen277
\TX@cols=\count320
\TX@ftn=\toks34
)
(c:/Users/User/AppData/Roaming/TinyTeX/texmf-dist/tex/latex/adjustbox/adjustbox
.sty
Package: adjustbox 2020/08/19 v1.3 Adjusting TeX boxes (trim, clip, ...)

(c:/Users/User/AppData/Roaming/TinyTeX/texmf-dist/tex/latex/xkeyval/xkeyval.sty
Package: xkeyval 2020/11/20 v2.8 package option processing (HA)

(c:/Users/User/AppData/Roaming/TinyTeX/texmf-dist/tex/generic/xkeyval/xkeyval.t
ex
(c:/Users/User/AppData/Roaming/TinyTeX/texmf-dist/tex/generic/xkeyval/xkvutils.
tex
\XKV@toks=\toks35
\XKV@tempa@toks=\toks36
)
\XKV@depth=\count321
File: xkeyval.tex 2014/12/03 v2.7a key=value parser (HA)
))
(c:/Users/User/AppData/Roaming/TinyTeX/texmf-dist/tex/latex/adjustbox/adjcalc.s
ty
Package: adjcalc 2012/05/16 v1.1 Provides advanced setlength with multiple back
-ends (calc, etex, pgfmath)
)
(c:/Users/User/AppData/Roaming/TinyTeX/texmf-dist/tex/latex/adjustbox/trimclip.
sty
Package: trimclip 2020/08/19 v1.2 Trim and clip general TeX material

(c:/Users/User/AppData/Roaming/TinyTeX/texmf-dist/tex/latex/collectbox/collectb
ox.sty
Package: collectbox 2012/05/17 v0.4b Collect macro arguments as boxes
\collectedbox=\box75
)
\tc@llx=\dimen278
\tc@lly=\dimen279
\tc@urx=\dimen280
\tc@ury=\dimen281
Package trimclip Info: Using driver 'tc-pdftex.def'.

(c:/Users/User/AppData/Roaming/TinyTeX/texmf-dist/tex/latex/adjustbox/tc-pdftex
.def
File: tc-pdftex.def 2019/01/04 v2.2 Clipping driver for pdftex
))
\adjbox@Width=\dimen282
\adjbox@Height=\dimen283
\adjbox@Depth=\dimen284
\adjbox@Totalheight=\dimen285
\adjbox@pwidth=\dimen286
\adjbox@pheight=\dimen287
\adjbox@pdepth=\dimen288
\adjbox@ptotalheight=\dimen289
)
(c:/Users/User/AppData/Roaming/TinyTeX/texmf-dist/tex/latex/etoolbox/etoolbox.s
ty
Package: etoolbox 2020/10/05 v2.5k e-TeX tools for LaTeX (JAW)
\etb@tempcnta=\count322
) (./report.aux)
\openout1 = `report.aux'.

LaTeX Font Info:    Checking defaults for OML/cmm/m/it on input line 100.
LaTeX Font Info:    ... okay on input line 100.
LaTeX Font Info:    Checking defaults for OMS/cmsy/m/n on input line 100.
LaTeX Font Info:    ... okay on input line 100.
LaTeX Font Info:    Checking defaults for OT1/cmr/m/n on input line 100.
LaTeX Font Info:    ... okay on input line 100.
LaTeX Font Info:    Checking defaults for T1/cmr/m/n on input line 100.
LaTeX Font Info:    ... okay on input line 100.
LaTeX Font Info:    Checking defaults for TS1/cmr/m/n on input line 100.
LaTeX Font Info:    ... okay on input line 100.
LaTeX Font Info:    Checking defaults for OMX/cmex/m/n on input line 100.
LaTeX Font Info:    ... okay on input line 100.
LaTeX Font Info:    Checking defaults for U/cmr/m/n on input line 100.
LaTeX Font Info:    ... okay on input line 100.
LaTeX Font Info:    Checking defaults for PD1/pdf/m/n on input line 100.
LaTeX Font Info:    ... okay on input line 100.
LaTeX Font Info:    Checking defaults for PU/pdf/m/n on input line 100.
LaTeX Font Info:    ... okay on input line 100.

(c:/Users/User/AppData/Roaming/TinyTeX/texmf-dist/tex/latex/epstopdf-pkg/epstop
df-base.sty
Package: epstopdf-base 2020-01-24 v2.11 Base part for package epstopdf
Package epstopdf-base Info: Redefining graphics rule for `.eps' on input line 4
85.

(c:/Users/User/AppData/Roaming/TinyTeX/texmf-dist/tex/latex/latexconfig/epstopd
f-sys.cfg
File: epstopdf-sys.cfg 2010/07/13 v1.3 Configuration of (r)epstopdf for TeX Liv
e
))
Package hyperref Info: Link coloring OFF on input line 100.

(c:/Users/User/AppData/Roaming/TinyTeX/texmf-dist/tex/latex/hyperref/nameref.st
y
Package: nameref 2019/09/16 v2.46 Cross-referencing by name of section

(c:/Users/User/AppData/Roaming/TinyTeX/texmf-dist/tex/latex/refcount/refcount.s
ty
Package: refcount 2019/12/15 v3.6 Data extraction from label references (HO)
)
(c:/Users/User/AppData/Roaming/TinyTeX/texmf-dist/tex/generic/gettitlestring/ge
ttitlestring.sty
Package: gettitlestring 2019/12/15 v1.6 Cleanup title references (HO)
)
\c@section@level=\count323
)
LaTeX Info: Redefining \ref on input line 100.
LaTeX Info: Redefining \pageref on input line 100.
LaTeX Info: Redefining \nameref on input line 100.
(./report.out) (./report.out)
\@outlinefile=\write3
\openout3 = `report.out'.

*geometry* driver: auto-detecting
*geometry* detected driver: pdftex
*geometry* verbose mode - [ preamble ] result:
* driver: pdftex
* paper: <default>
* layout: <same size as paper>
* layoutoffset:(h,v)=(0.0pt,0.0pt)
* modes: 
* h-part:(L,W,R)=(72.26999pt, 469.75502pt, 72.26999pt)
* v-part:(T,H,B)=(72.26999pt, 650.43001pt, 72.26999pt)
* \paperwidth=614.295pt
* \paperheight=794.96999pt
* \textwidth=469.75502pt
* \textheight=650.43001pt
* \oddsidemargin=0.0pt
* \evensidemargin=0.0pt
* \topmargin=-37.0pt
* \headheight=12.0pt
* \headsep=25.0pt
* \topskip=10.0pt
* \footskip=30.0pt
* \marginparwidth=65.0pt
* \marginparsep=11.0pt
* \columnsep=10.0pt
* \skip\footins=9.0pt plus 4.0pt minus 2.0pt
* \hoffset=0.0pt
* \voffset=0.0pt
* \mag=1000
* \@twocolumnfalse
* \@twosidefalse
* \@mparswitchfalse
* \@reversemarginfalse
* (1in=72.27pt=25.4mm, 1cm=28.453pt)

Package caption Info: Begin \AtBeginDocument code.
Package caption Info: End \AtBeginDocument code.

(c:/Users/User/AppData/Roaming/TinyTeX/texmf-dist/tex/latex/siunitx/siunitx-abb
reviations.cfg
File: siunitx-abbreviations.cfg 2017/11/26 v2.7k siunitx: Abbreviated units
)
LaTeX Font Info:    Trying to load font information for OT1+lmr on input line 1
00.
(c:/Users/User/AppData/Roaming/TinyTeX/texmf-dist/tex/latex/lm/ot1lmr.fd
File: ot1lmr.fd 2009/10/30 v1.6 Font defs for Latin Modern
)
LaTeX Font Info:    Trying to load font information for OML+lmm on input line 1
00.
(c:/Users/User/AppData/Roaming/TinyTeX/texmf-dist/tex/latex/lm/omllmm.fd
File: omllmm.fd 2009/10/30 v1.6 Font defs for Latin Modern
)
LaTeX Font Info:    Trying to load font information for OMS+lmsy on input line 
100.
(c:/Users/User/AppData/Roaming/TinyTeX/texmf-dist/tex/latex/lm/omslmsy.fd
File: omslmsy.fd 2009/10/30 v1.6 Font defs for Latin Modern
)
LaTeX Font Info:    Trying to load font information for OMX+lmex on input line 
100.
(c:/Users/User/AppData/Roaming/TinyTeX/texmf-dist/tex/latex/lm/omxlmex.fd
File: omxlmex.fd 2009/10/30 v1.6 Font defs for Latin Modern
)
LaTeX Font Info:    External font `lmex10' loaded for size
(Font)              <10> on input line 100.
LaTeX Font Info:    External font `lmex10' loaded for size
(Font)              <7> on input line 100.
LaTeX Font Info:    External font `lmex10' loaded for size
(Font)              <5> on input line 100.
LaTeX Font Info:    Trying to load font information for U+msa on input line 100
.
(c:/Users/User/AppData/Roaming/TinyTeX/texmf-dist/tex/latex/amsfonts/umsa.fd
File: umsa.fd 2013/01/14 v3.01 AMS symbols A
)
LaTeX Font Info:    Trying to load font information for U+msb on input line 100
.
(c:/Users/User/AppData/Roaming/TinyTeX/texmf-dist/tex/latex/amsfonts/umsb.fd
File: umsb.fd 2013/01/14 v3.01 AMS symbols B
)
LaTeX Font Info:    Trying to load font information for OT1+lmss on input line 
100.
(c:/Users/User/AppData/Roaming/TinyTeX/texmf-dist/tex/latex/lm/ot1lmss.fd
File: ot1lmss.fd 2009/10/30 v1.6 Font defs for Latin Modern
)
LaTeX Font Info:    Trying to load font information for OT1+lmtt on input line 
100.
(c:/Users/User/AppData/Roaming/TinyTeX/texmf-dist/tex/latex/lm/ot1lmtt.fd
File: ot1lmtt.fd 2009/10/30 v1.6 Font defs for Latin Modern
)
LaTeX Font Info:    External font `lmex10' loaded for size
(Font)              <12> on input line 102.
LaTeX Font Info:    External font `lmex10' loaded for size
(Font)              <8> on input line 102.
LaTeX Font Info:    External font `lmex10' loaded for size
(Font)              <6> on input line 102.
[1

{c:/Users/User/AppData/Roaming/TinyTeX/texmf-var/fonts/map/pdftex/updmap/pdftex
.map}]
<report_files/figure-latex/unnamed-chunk-5-1.pdf, id=61, 469.755pt x 325.215pt>

File: report_files/figure-latex/unnamed-chunk-5-1.pdf Graphic file (type pdf)
<use report_files/figure-latex/unnamed-chunk-5-1.pdf>
Package pdftex.def Info: report_files/figure-latex/unnamed-chunk-5-1.pdf  used 
on input line 234.
(pdftex.def)             Requested size: 469.75386pt x 325.2142pt.
[2 <./report_files/figure-latex/unnamed-chunk-5-1.pdf>]
! Missing $ inserted.
<inserted text> 
                $
l.315 \end{tabular}
                    
Here is how much of TeX's memory you used:
 16876 strings out of 481252
 286663 string characters out of 5914210
 574770 words of memory out of 5000000
 33490 multiletter control sequences out of 15000+600000
 461029 words of font info for 76 fonts, out of 8000000 for 9000
 14 hyphenation exceptions out of 8191
 71i,13n,75p,241b,788s stack positions out of 5000i,500n,10000p,200000b,80000s

!  ==> Fatal error occurred, no output PDF file produced!
